[Sun Feb 18 11:59:53.436309 2024] [php:warn] [pid 5856:tid 1896] [client ::1:51878] PHP Warning:  Undefined variable $uri in D:\\Project\\Apples\\index.php on line 13
[Sun Feb 18 11:59:53.436309 2024] [php:warn] [pid 5856:tid 1896] [client ::1:51878] PHP Warning:  Undefined variable $uri in D:\\Project\\Apples\\index.php on line 13
[Sun Feb 18 11:59:53.436309 2024] [php:warn] [pid 5856:tid 1896] [client ::1:51878] PHP Warning:  Undefined variable $uri in D:\\Project\\Apples\\index.php on line 13
[Sun Feb 18 11:59:53.436309 2024] [php:warn] [pid 5856:tid 1896] [client ::1:51878] PHP Warning:  Undefined variable $uri in D:\\Project\\Apples\\index.php on line 13
[Sun Feb 18 12:01:21.692610 2024] [php:warn] [pid 5856:tid 1888] [client ::1:51947] PHP Warning:  Undefined variable $uri in D:\\Project\\Apples\\index.php on line 13
[Sun Feb 18 12:01:21.692610 2024] [php:warn] [pid 5856:tid 1888] [client ::1:51947] PHP Warning:  Undefined variable $uri in D:\\Project\\Apples\\index.php on line 13
[Sun Feb 18 12:01:21.692610 2024] [php:warn] [pid 5856:tid 1888] [client ::1:51947] PHP Warning:  Undefined variable $uri in D:\\Project\\Apples\\index.php on line 13
[Sun Feb 18 12:01:21.692610 2024] [php:warn] [pid 5856:tid 1888] [client ::1:51947] PHP Warning:  Undefined variable $uri in D:\\Project\\Apples\\index.php on line 13
[Sun Feb 18 12:01:22.852506 2024] [php:warn] [pid 5856:tid 1896] [client ::1:51948] PHP Warning:  Undefined variable $uri in D:\\Project\\Apples\\index.php on line 13
[Sun Feb 18 12:01:22.852506 2024] [php:warn] [pid 5856:tid 1896] [client ::1:51948] PHP Warning:  Undefined variable $uri in D:\\Project\\Apples\\index.php on line 13
[Sun Feb 18 12:01:22.852506 2024] [php:warn] [pid 5856:tid 1896] [client ::1:51948] PHP Warning:  Undefined variable $uri in D:\\Project\\Apples\\index.php on line 13
[Sun Feb 18 12:01:22.852506 2024] [php:warn] [pid 5856:tid 1896] [client ::1:51948] PHP Warning:  Undefined variable $uri in D:\\Project\\Apples\\index.php on line 13
[Sat Feb 24 19:28:30.171652 2024] [php:warn] [pid 12928:tid 1876] [client ::1:64113] PHP Warning:  include(rent.php): Failed to open stream: No such file or directory in D:\\Project\\Apples\\_layout.php on line 104, referer: http://apples.loc/apples
[Sat Feb 24 19:28:30.195388 2024] [php:warn] [pid 12928:tid 1876] [client ::1:64113] PHP Warning:  include(): Failed opening 'rent.php' for inclusion (include_path='C:\\xampp\\php\\PEAR') in D:\\Project\\Apples\\_layout.php on line 104, referer: http://apples.loc/apples
[Sat Feb 24 19:28:43.988509 2024] [php:warn] [pid 12928:tid 1860] [client ::1:64120] PHP Warning:  include(rent.php): Failed to open stream: No such file or directory in D:\\Project\\Apples\\_layout.php on line 104, referer: http://apples.loc/scambio
[Sat Feb 24 19:28:43.988509 2024] [php:warn] [pid 12928:tid 1860] [client ::1:64120] PHP Warning:  include(): Failed opening 'rent.php' for inclusion (include_path='C:\\xampp\\php\\PEAR') in D:\\Project\\Apples\\_layout.php on line 104, referer: http://apples.loc/scambio
[Sat Feb 24 19:54:47.125642 2024] [php:warn] [pid 12928:tid 1860] [client ::1:64228] PHP Warning:  include(headphones): Failed to open stream: No such file or directory in D:\\Project\\Apples\\_layout.php on line 104, referer: http://apples.loc/smartphones
[Sat Feb 24 19:54:47.125642 2024] [php:warn] [pid 12928:tid 1860] [client ::1:64228] PHP Warning:  include(): Failed opening 'headphones' for inclusion (include_path='C:\\xampp\\php\\PEAR') in D:\\Project\\Apples\\_layout.php on line 104, referer: http://apples.loc/smartphones
[Sat Feb 24 19:55:02.885424 2024] [php:warn] [pid 12928:tid 1892] [client ::1:64240] PHP Warning:  include(headphones): Failed to open stream: No such file or directory in D:\\Project\\Apples\\_layout.php on line 104, referer: http://apples.loc/hometechnics
[Sat Feb 24 19:55:02.885424 2024] [php:warn] [pid 12928:tid 1892] [client ::1:64240] PHP Warning:  include(): Failed opening 'headphones' for inclusion (include_path='C:\\xampp\\php\\PEAR') in D:\\Project\\Apples\\_layout.php on line 104, referer: http://apples.loc/hometechnics
